C:\USERS\DICHEV\DESKTOP\KNIJKI\COUNTOBJECT\COUNTOBJECT\DEBUG\COUNTOBJECT.OBJ
C:\USERS\DICHEV\DESKTOP\KNIJKI\COUNTOBJECT\COUNTOBJECT\DEBUG\STDAFX.OBJ
C:\USERS\DICHEV\DESKTOP\KNIJKI\COUNTOBJECT\COUNTOBJECT\DEBUG\VC110.PDB
C:\USERS\DICHEV\DESKTOP\KNIJKI\COUNTOBJECT\DEBUG\COUNTOBJECT.ILK
C:\USERS\DICHEV\DESKTOP\KNIJKI\COUNTOBJECT\DEBUG\COUNTOBJECT.EXE
C:\USERS\DICHEV\DESKTOP\KNIJKI\COUNTOBJECT\DEBUG\COUNTOBJECT.PDB
C:\Users\Dichev\Desktop\knijki\CountObject\CountObject\Debug\stdafx.obj
C:\Users\Dichev\Desktop\knijki\CountObject\CountObject\Debug\cl.command.1.tlog
C:\Users\Dichev\Desktop\knijki\CountObject\CountObject\Debug\CL.read.1.tlog
C:\Users\Dichev\Desktop\knijki\CountObject\CountObject\Debug\CL.write.1.tlog
C:\Users\Dichev\Desktop\knijki\CountObject\CountObject\Debug\link-cvtres.read.1.tlog
C:\Users\Dichev\Desktop\knijki\CountObject\CountObject\Debug\link-cvtres.write.1.tlog
C:\Users\Dichev\Desktop\knijki\CountObject\CountObject\Debug\link-rc.read.1.tlog
C:\Users\Dichev\Desktop\knijki\CountObject\CountObject\Debug\link-rc.write.1.tlog
C:\Users\Dichev\Desktop\knijki\CountObject\CountObject\Debug\link.6544-cvtres.read.1.tlog
C:\Users\Dichev\Desktop\knijki\CountObject\CountObject\Debug\link.6544-cvtres.write.1.tlog
C:\Users\Dichev\Desktop\knijki\CountObject\CountObject\Debug\link.6544-rc.read.1.tlog
C:\Users\Dichev\Desktop\knijki\CountObject\CountObject\Debug\link.6544-rc.write.1.tlog
C:\Users\Dichev\Desktop\knijki\CountObject\CountObject\Debug\link.6544.read.1.tlog
C:\Users\Dichev\Desktop\knijki\CountObject\CountObject\Debug\link.6544.write.1.tlog
C:\Users\Dichev\Desktop\knijki\CountObject\CountObject\Debug\link.command.1.tlog
C:\Users\Dichev\Desktop\knijki\CountObject\CountObject\Debug\link.read.1.tlog
C:\Users\Dichev\Desktop\knijki\CountObject\CountObject\Debug\link.write.1.tlog
C:\Users\Dichev\Desktop\knijki\CountObject\CountObject\Debug\vc110.idb
C:\Users\Dichev\Desktop\knijki\CountObject\CountObject\Debug\vc110.pdb
C:\Users\Dichev\Desktop\knijki\CountObject\Debug\CountObject.pdb
C:\Users\Dichev\Desktop\knijki\CountObject\Debug\CountObject.exe
C:\Users\Dichev\Desktop\knijki\CountObject\Debug\CountObject.ilk
