C:\USERS\DICHEV\DESKTOP\KNIJKI\REPEATDIG\REPEATDIG\DEBUG\REPEATDIG.PCH
C:\USERS\DICHEV\DESKTOP\KNIJKI\REPEATDIG\REPEATDIG\DEBUG\STDAFX.OBJ
C:\USERS\DICHEV\DESKTOP\KNIJKI\REPEATDIG\REPEATDIG\DEBUG\VC110.PDB
C:\USERS\DICHEV\DESKTOP\KNIJKI\REPEATDIG\REPEATDIG\DEBUG\REPEATDIG.OBJ
C:\USERS\DICHEV\DESKTOP\KNIJKI\REPEATDIG\DEBUG\REPEATDIG.ILK
C:\USERS\DICHEV\DESKTOP\KNIJKI\REPEATDIG\DEBUG\REPEATDIG.EXE
C:\USERS\DICHEV\DESKTOP\KNIJKI\REPEATDIG\DEBUG\REPEATDIG.PDB
C:\Users\Dichev\Desktop\knijki\repeatDig\repeatDig\Debug\repeatDig.obj
C:\Users\Dichev\Desktop\knijki\repeatDig\repeatDig\Debug\stdafx.obj
C:\Users\Dichev\Desktop\knijki\repeatDig\repeatDig\Debug\cl.command.1.tlog
C:\Users\Dichev\Desktop\knijki\repeatDig\repeatDig\Debug\CL.read.1.tlog
C:\Users\Dichev\Desktop\knijki\repeatDig\repeatDig\Debug\CL.write.1.tlog
C:\Users\Dichev\Desktop\knijki\repeatDig\repeatDig\Debug\link-cvtres.read.1.tlog
C:\Users\Dichev\Desktop\knijki\repeatDig\repeatDig\Debug\link-cvtres.write.1.tlog
C:\Users\Dichev\Desktop\knijki\repeatDig\repeatDig\Debug\link-rc.read.1.tlog
C:\Users\Dichev\Desktop\knijki\repeatDig\repeatDig\Debug\link-rc.write.1.tlog
C:\Users\Dichev\Desktop\knijki\repeatDig\repeatDig\Debug\link.command.1.tlog
C:\Users\Dichev\Desktop\knijki\repeatDig\repeatDig\Debug\link.read.1.tlog
C:\Users\Dichev\Desktop\knijki\repeatDig\repeatDig\Debug\link.write.1.tlog
C:\Users\Dichev\Desktop\knijki\repeatDig\repeatDig\Debug\repeatDig.pch
C:\Users\Dichev\Desktop\knijki\repeatDig\repeatDig\Debug\vc110.idb
C:\Users\Dichev\Desktop\knijki\repeatDig\repeatDig\Debug\vc110.pdb
C:\Users\Dichev\Desktop\knijki\repeatDig\Debug\repeatDig.pdb
C:\Users\Dichev\Desktop\knijki\repeatDig\Debug\repeatDig.exe
C:\Users\Dichev\Desktop\knijki\repeatDig\Debug\repeatDig.ilk
