Build started 18.8.2014 г. 14:46:41 ч..
     1>Project "C:\Users\Dichev\Desktop\knijki\2D_dynamically_array\2D_dynamically_array\2D_dynamically_array.vcxproj" on node 2 (Build target(s)).
     1>ClCompile:
         C:\Program Files (x86)\Microsoft Visual Studio 11.0\VC\bin\CL.exe /c /ZI /nologo /W3 /WX- /sdl /Od /Oy- /D WIN32 /D _DEBUG /D _CONSOLE /D _UNICODE /D UNICODE /Gm /EHsc /RTC1 /MDd /GS /fp:precise /Zc:wchar_t /Zc:forScope /Fo"Debug\\" /Fd"Debug\vc110.pdb" /Gd /TP /analyze- /errorReport:prompt 2D_dynamically_array.cpp
         2D_dynamically_array.cpp
     1>c:\users\dichev\desktop\knijki\2d_dynamically_array\2d_dynamically_array\2d_dynamically_array.cpp(15): warning C4018: '<' : signed/unsigned mismatch
     1>c:\users\dichev\desktop\knijki\2d_dynamically_array\2d_dynamically_array\2d_dynamically_array.cpp(18): warning C4018: '<' : signed/unsigned mismatch
     1>c:\users\dichev\desktop\knijki\2d_dynamically_array\2d_dynamically_array\2d_dynamically_array.cpp(20): warning C4018: '<' : signed/unsigned mismatch
     1>c:\users\dichev\desktop\knijki\2d_dynamically_array\2d_dynamically_array\2d_dynamically_array.cpp(30): warning C4018: '<' : signed/unsigned mismatch
     1>c:\users\dichev\desktop\knijki\2d_dynamically_array\2d_dynamically_array\2d_dynamically_array.cpp(32): warning C4018: '<' : signed/unsigned mismatch
     1>c:\users\dichev\desktop\knijki\2d_dynamically_array\2d_dynamically_array\2d_dynamically_array.cpp(43): warning C4018: '<' : signed/unsigned mismatch
     1>c:\users\dichev\desktop\knijki\2d_dynamically_array\2d_dynamically_array\2d_dynamically_array.cpp(46): warning C4018: '<' : signed/unsigned mismatch
     1>c:\users\dichev\desktop\knijki\2d_dynamically_array\2d_dynamically_array\2d_dynamically_array.cpp(61): warning C4018: '<' : signed/unsigned mismatch
       Link:
         C:\Program Files (x86)\Microsoft Visual Studio 11.0\VC\bin\link.exe /ERRORREPORT:PROMPT /OUT:"C:\Users\Dichev\Desktop\knijki\2D_dynamically_array\Debug\2D_dynamically_array.exe" /INCREMENTAL /NOLOGO kernel32.lib user32.lib gdi32.lib winspool.lib comdlg32.lib advapi32.lib shell32.lib ole32.lib oleaut32.lib uuid.lib odbc32.lib odbccp32.lib /MANIFEST /MANIFESTUAC:"level='asInvoker' uiAccess='false'" /manifest:embed /DEBUG /PDB:"C:\Users\Dichev\Desktop\knijki\2D_dynamically_array\Debug\2D_dynamically_array.pdb" /SUBSYSTEM:CONSOLE /TLBID:1 /DYNAMICBASE /NXCOMPAT /IMPLIB:"C:\Users\Dichev\Desktop\knijki\2D_dynamically_array\Debug\2D_dynamically_array.lib" /MACHINE:X86 Debug\2D_dynamically_array.obj
         Debug\stdafx.obj
         2D_dynamically_array.vcxproj -> C:\Users\Dichev\Desktop\knijki\2D_dynamically_array\Debug\2D_dynamically_array.exe
     1>Done Building Project "C:\Users\Dichev\Desktop\knijki\2D_dynamically_array\2D_dynamically_array\2D_dynamically_array.vcxproj" (Build target(s)).

Build succeeded.

Time Elapsed 00:00:00.78
