C:\USERS\DICHEV\DESKTOP\KNIJKI\DEVICE\DEVICE\DEBUG\DEVICE.PCH
C:\USERS\DICHEV\DESKTOP\KNIJKI\DEVICE\DEVICE\DEBUG\STDAFX.OBJ
C:\USERS\DICHEV\DESKTOP\KNIJKI\DEVICE\DEVICE\DEBUG\VC110.PDB
C:\USERS\DICHEV\DESKTOP\KNIJKI\DEVICE\DEBUG\DEVICE.ILK
C:\USERS\DICHEV\DESKTOP\KNIJKI\DEVICE\DEBUG\DEVICE.EXE
C:\USERS\DICHEV\DESKTOP\KNIJKI\DEVICE\DEBUG\DEVICE.PDB
C:\Users\Dichev\Desktop\knijki\Device\Device\Debug\stdafx.obj
C:\Users\Dichev\Desktop\knijki\Device\Device\Debug\cl.command.1.tlog
C:\Users\Dichev\Desktop\knijki\Device\Device\Debug\CL.read.1.tlog
C:\Users\Dichev\Desktop\knijki\Device\Device\Debug\CL.write.1.tlog
C:\Users\Dichev\Desktop\knijki\Device\Device\Debug\link-cvtres.read.1.tlog
C:\Users\Dichev\Desktop\knijki\Device\Device\Debug\link-cvtres.write.1.tlog
C:\Users\Dichev\Desktop\knijki\Device\Device\Debug\link-rc.read.1.tlog
C:\Users\Dichev\Desktop\knijki\Device\Device\Debug\link-rc.write.1.tlog
C:\Users\Dichev\Desktop\knijki\Device\Device\Debug\link.command.1.tlog
C:\Users\Dichev\Desktop\knijki\Device\Device\Debug\link.read.1.tlog
C:\Users\Dichev\Desktop\knijki\Device\Device\Debug\link.write.1.tlog
C:\Users\Dichev\Desktop\knijki\Device\Device\Debug\Device.pch
C:\Users\Dichev\Desktop\knijki\Device\Device\Debug\vc110.idb
C:\Users\Dichev\Desktop\knijki\Device\Device\Debug\vc110.pdb
C:\Users\Dichev\Desktop\knijki\Device\Debug\Device.pdb
C:\Users\Dichev\Desktop\knijki\Device\Debug\Device.exe
C:\Users\Dichev\Desktop\knijki\Device\Debug\Device.ilk
