C:\USERS\DICHEV\DESKTOP\ZAD1\ZAD1\DEBUG\ZAD1.PCH
C:\USERS\DICHEV\DESKTOP\ZAD1\ZAD1\DEBUG\STDAFX.OBJ
C:\USERS\DICHEV\DESKTOP\ZAD1\ZAD1\DEBUG\VC110.PDB
C:\USERS\DICHEV\DESKTOP\ZAD1\ZAD1\DEBUG\CIRCLE.OBJ
C:\USERS\DICHEV\DESKTOP\ZAD1\ZAD1\DEBUG\TRIANGE.OBJ
C:\USERS\DICHEV\DESKTOP\ZAD1\ZAD1\DEBUG\ZAD1.OBJ
C:\USERS\DICHEV\DESKTOP\ZAD1\ZAD1\DEBUG\CONUS.OBJ
C:\USERS\DICHEV\DESKTOP\ZAD1\ZAD1\DEBUG\PRISM.OBJ
C:\USERS\DICHEV\DESKTOP\ZAD1\DEBUG\ZAD1.ILK
C:\USERS\DICHEV\DESKTOP\ZAD1\DEBUG\ZAD1.EXE
C:\USERS\DICHEV\DESKTOP\ZAD1\DEBUG\ZAD1.PDB
C:\Users\Dichev\Desktop\zad1\zad1\Debug\Circle.obj
C:\Users\Dichev\Desktop\zad1\zad1\Debug\Conus.obj
C:\Users\Dichev\Desktop\zad1\zad1\Debug\Prism.obj
C:\Users\Dichev\Desktop\zad1\zad1\Debug\stdafx.obj
C:\Users\Dichev\Desktop\zad1\zad1\Debug\Triange.obj
C:\Users\Dichev\Desktop\zad1\zad1\Debug\zad1.obj
C:\Users\Dichev\Desktop\zad1\zad1\Debug\cl.command.1.tlog
C:\Users\Dichev\Desktop\zad1\zad1\Debug\CL.read.1.tlog
C:\Users\Dichev\Desktop\zad1\zad1\Debug\CL.write.1.tlog
C:\Users\Dichev\Desktop\zad1\zad1\Debug\link-cvtres.read.1.tlog
C:\Users\Dichev\Desktop\zad1\zad1\Debug\link-cvtres.write.1.tlog
C:\Users\Dichev\Desktop\zad1\zad1\Debug\link-rc.read.1.tlog
C:\Users\Dichev\Desktop\zad1\zad1\Debug\link-rc.write.1.tlog
C:\Users\Dichev\Desktop\zad1\zad1\Debug\link.3548-cvtres.read.1.tlog
C:\Users\Dichev\Desktop\zad1\zad1\Debug\link.3548-cvtres.write.1.tlog
C:\Users\Dichev\Desktop\zad1\zad1\Debug\link.3548-rc.read.1.tlog
C:\Users\Dichev\Desktop\zad1\zad1\Debug\link.3548-rc.write.1.tlog
C:\Users\Dichev\Desktop\zad1\zad1\Debug\link.3548.read.1.tlog
C:\Users\Dichev\Desktop\zad1\zad1\Debug\link.3548.write.1.tlog
C:\Users\Dichev\Desktop\zad1\zad1\Debug\link.4568-cvtres.read.1.tlog
C:\Users\Dichev\Desktop\zad1\zad1\Debug\link.4568-cvtres.write.1.tlog
C:\Users\Dichev\Desktop\zad1\zad1\Debug\link.4568-rc.read.1.tlog
C:\Users\Dichev\Desktop\zad1\zad1\Debug\link.4568-rc.write.1.tlog
C:\Users\Dichev\Desktop\zad1\zad1\Debug\link.4568.read.1.tlog
C:\Users\Dichev\Desktop\zad1\zad1\Debug\link.4568.write.1.tlog
C:\Users\Dichev\Desktop\zad1\zad1\Debug\link.command.1.tlog
C:\Users\Dichev\Desktop\zad1\zad1\Debug\link.read.1.tlog
C:\Users\Dichev\Desktop\zad1\zad1\Debug\link.write.1.tlog
C:\Users\Dichev\Desktop\zad1\zad1\Debug\zad1.pch
C:\Users\Dichev\Desktop\zad1\zad1\Debug\vc110.idb
C:\Users\Dichev\Desktop\zad1\zad1\Debug\vc110.pdb
C:\Users\Dichev\Desktop\zad1\Debug\zad1.pdb
C:\Users\Dichev\Desktop\zad1\Debug\zad1.exe
C:\Users\Dichev\Desktop\zad1\Debug\zad1.ilk
