C:\USERS\DICHEV\DESKTOP\KNIJKI\PATIENT\PATIENT\DEBUG\PATIENT.PCH
C:\USERS\DICHEV\DESKTOP\KNIJKI\PATIENT\PATIENT\DEBUG\STDAFX.OBJ
C:\USERS\DICHEV\DESKTOP\KNIJKI\PATIENT\PATIENT\DEBUG\VC110.PDB
C:\USERS\DICHEV\DESKTOP\KNIJKI\PATIENT\DEBUG\PATIENT.ILK
C:\USERS\DICHEV\DESKTOP\KNIJKI\PATIENT\DEBUG\PATIENT.EXE
C:\USERS\DICHEV\DESKTOP\KNIJKI\PATIENT\DEBUG\PATIENT.PDB
C:\Users\Dichev\Desktop\knijki\Patient\Patient\Debug\stdafx.obj
C:\Users\Dichev\Desktop\knijki\Patient\Patient\Debug\cl.command.1.tlog
C:\Users\Dichev\Desktop\knijki\Patient\Patient\Debug\CL.read.1.tlog
C:\Users\Dichev\Desktop\knijki\Patient\Patient\Debug\CL.write.1.tlog
C:\Users\Dichev\Desktop\knijki\Patient\Patient\Debug\link-cvtres.read.1.tlog
C:\Users\Dichev\Desktop\knijki\Patient\Patient\Debug\link-cvtres.write.1.tlog
C:\Users\Dichev\Desktop\knijki\Patient\Patient\Debug\link-rc.read.1.tlog
C:\Users\Dichev\Desktop\knijki\Patient\Patient\Debug\link-rc.write.1.tlog
C:\Users\Dichev\Desktop\knijki\Patient\Patient\Debug\link.command.1.tlog
C:\Users\Dichev\Desktop\knijki\Patient\Patient\Debug\link.read.1.tlog
C:\Users\Dichev\Desktop\knijki\Patient\Patient\Debug\link.write.1.tlog
C:\Users\Dichev\Desktop\knijki\Patient\Patient\Debug\Patient.pch
C:\Users\Dichev\Desktop\knijki\Patient\Patient\Debug\vc110.idb
C:\Users\Dichev\Desktop\knijki\Patient\Patient\Debug\vc110.pdb
C:\Users\Dichev\Desktop\knijki\Patient\Debug\Patient.pdb
C:\Users\Dichev\Desktop\knijki\Patient\Debug\Patient.exe
C:\Users\Dichev\Desktop\knijki\Patient\Debug\Patient.ilk
