C:\USERS\DICHEV\DESKTOP\KNIJKI\WORD_READING\WORD_READING\DEBUG\STDAFX.OBJ
C:\USERS\DICHEV\DESKTOP\KNIJKI\WORD_READING\WORD_READING\DEBUG\WORD_READING.OBJ
C:\USERS\DICHEV\DESKTOP\KNIJKI\WORD_READING\WORD_READING\DEBUG\VC110.PDB
C:\USERS\DICHEV\DESKTOP\KNIJKI\WORD_READING\DEBUG\WORD_READING.ILK
C:\USERS\DICHEV\DESKTOP\KNIJKI\WORD_READING\DEBUG\WORD_READING.EXE
C:\USERS\DICHEV\DESKTOP\KNIJKI\WORD_READING\DEBUG\WORD_READING.PDB
C:\Users\Dichev\Desktop\knijki\word_reading\word_reading\Debug\stdafx.obj
C:\Users\Dichev\Desktop\knijki\word_reading\word_reading\Debug\word_reading.obj
C:\Users\Dichev\Desktop\knijki\word_reading\word_reading\Debug\cl.command.1.tlog
C:\Users\Dichev\Desktop\knijki\word_reading\word_reading\Debug\CL.read.1.tlog
C:\Users\Dichev\Desktop\knijki\word_reading\word_reading\Debug\CL.write.1.tlog
C:\Users\Dichev\Desktop\knijki\word_reading\word_reading\Debug\link-cvtres.read.1.tlog
C:\Users\Dichev\Desktop\knijki\word_reading\word_reading\Debug\link-cvtres.write.1.tlog
C:\Users\Dichev\Desktop\knijki\word_reading\word_reading\Debug\link-rc.read.1.tlog
C:\Users\Dichev\Desktop\knijki\word_reading\word_reading\Debug\link-rc.write.1.tlog
C:\Users\Dichev\Desktop\knijki\word_reading\word_reading\Debug\link.command.1.tlog
C:\Users\Dichev\Desktop\knijki\word_reading\word_reading\Debug\link.read.1.tlog
C:\Users\Dichev\Desktop\knijki\word_reading\word_reading\Debug\link.write.1.tlog
C:\Users\Dichev\Desktop\knijki\word_reading\word_reading\Debug\vc110.idb
C:\Users\Dichev\Desktop\knijki\word_reading\word_reading\Debug\vc110.pdb
C:\Users\Dichev\Desktop\knijki\word_reading\Debug\word_reading.pdb
C:\Users\Dichev\Desktop\knijki\word_reading\Debug\word_reading.exe
C:\Users\Dichev\Desktop\knijki\word_reading\Debug\word_reading.ilk
